TN:
SF:controllers/authController.js
FN:7,(anonymous_0)
FN:66,(anonymous_1)
FN:120,(anonymous_2)
FN:158,(anonymous_3)
FN:168,(anonymous_4)
FN:203,(anonymous_5)
FN:220,(anonymous_6)
FN:239,(anonymous_7)
FN:259,(anonymous_8)
FNF:9
FNH:4
FNDA:4,(anonymous_0)
FNDA:5,(anonymous_1)
FNDA:6,(anonymous_2)
FNDA:0,(anonymous_3)
FNDA:2,(anonymous_4)
FNDA:0,(anonymous_5)
FNDA:0,(anonymous_6)
FNDA:0,(anonymous_7)
FNDA:0,(anonymous_8)
DA:7,1
DA:8,4
DA:9,4
DA:11,4
DA:12,1
DA:14,3
DA:15,0
DA:17,3
DA:18,0
DA:20,3
DA:21,0
DA:23,3
DA:24,0
DA:26,3
DA:27,0
DA:30,3
DA:32,3
DA:33,1
DA:39,2
DA:41,1
DA:50,1
DA:56,1
DA:57,1
DA:66,1
DA:67,5
DA:68,5
DA:70,5
DA:71,1
DA:77,4
DA:78,4
DA:79,1
DA:84,3
DA:85,2
DA:86,1
DA:92,1
DA:95,1
DA:109,1
DA:110,1
DA:120,1
DA:121,6
DA:122,6
DA:123,6
DA:124,1
DA:126,6
DA:127,1
DA:129,6
DA:130,1
DA:133,6
DA:135,6
DA:136,4
DA:141,2
DA:142,1
DA:143,1
DA:148,1
DA:149,1
DA:158,1
DA:159,0
DA:160,0
DA:162,0
DA:163,0
DA:168,1
DA:169,2
DA:170,2
DA:171,2
DA:173,2
DA:174,1
DA:176,1
DA:177,1
DA:187,1
DA:193,0
DA:194,0
DA:203,1
DA:204,0
DA:205,0
DA:209,0
DA:211,0
DA:212,0
DA:220,1
DA:221,0
DA:222,0
DA:227,0
DA:229,0
DA:230,0
DA:239,1
DA:240,0
DA:241,0
DA:242,0
DA:243,0
DA:248,0
DA:250,0
DA:251,0
DA:259,1
DA:260,0
DA:261,0
DA:262,0
DA:264,0
DA:265,0
LF:97
LH:64
BRDA:11,0,0,1
BRDA:11,0,1,3
BRDA:14,1,0,0
BRDA:14,1,1,3
BRDA:17,2,0,0
BRDA:17,2,1,3
BRDA:20,3,0,0
BRDA:20,3,1,3
BRDA:23,4,0,0
BRDA:23,4,1,3
BRDA:26,5,0,0
BRDA:26,5,1,3
BRDA:32,6,0,1
BRDA:32,6,1,2
BRDA:70,7,0,1
BRDA:70,7,1,4
BRDA:70,8,0,5
BRDA:70,8,1,4
BRDA:78,9,0,1
BRDA:78,9,1,3
BRDA:85,10,0,1
BRDA:85,10,1,1
BRDA:123,11,0,1
BRDA:123,11,1,5
BRDA:126,12,0,1
BRDA:126,12,1,5
BRDA:129,13,0,1
BRDA:129,13,1,5
BRDA:135,14,0,4
BRDA:135,14,1,2
BRDA:173,15,0,1
BRDA:173,15,1,1
BRDA:173,16,0,2
BRDA:173,16,1,2
BRDA:176,17,0,1
BRDA:176,17,1,0
BRDA:180,18,0,1
BRDA:180,18,1,0
BRDA:181,19,0,1
BRDA:181,19,1,0
BRDA:182,20,0,1
BRDA:182,20,1,0
BRDA:183,21,0,1
BRDA:183,21,1,0
BRF:44
BRH:34
end_of_record
TN:
SF:controllers/categoryController.js
FN:32,(anonymous_0)
FN:65,(anonymous_1)
FN:90,(anonymous_2)
FN:109,(anonymous_3)
FN:128,(anonymous_4)
FNF:5
FNH:3
FNDA:4,(anonymous_0)
FNDA:2,(anonymous_1)
FNDA:0,(anonymous_2)
FNDA:0,(anonymous_3)
FNDA:2,(anonymous_4)
DA:4,1
DA:8,1
DA:20,1
DA:32,1
DA:33,4
DA:34,4
DA:35,4
DA:36,1
DA:38,3
DA:39,2
DA:40,1
DA:45,1
DA:49,1
DA:55,1
DA:56,1
DA:65,1
DA:66,2
DA:67,2
DA:68,2
DA:69,2
DA:74,1
DA:80,1
DA:81,1
DA:90,1
DA:91,0
DA:92,0
DA:93,0
DA:99,0
DA:100,0
DA:109,1
DA:110,0
DA:111,0
DA:112,0
DA:118,0
DA:119,0
DA:128,1
DA:129,2
DA:130,2
DA:131,2
DA:132,1
DA:137,1
DA:138,1
LF:42
LH:32
BRDA:35,0,0,1
BRDA:35,0,1,3
BRDA:39,1,0,1
BRDA:39,1,1,1
BRF:4
BRH:4
end_of_record
TN:
SF:controllers/productController.js
FN:64,(anonymous_0)
FN:109,(anonymous_1)
FN:134,(anonymous_2)
FN:156,(anonymous_3)
FN:174,(anonymous_4)
FN:192,(anonymous_5)
FN:241,(anonymous_6)
FN:264,(anonymous_7)
FN:283,(anonymous_8)
FN:309,(anonymous_9)
FN:332,(anonymous_10)
FN:359,(anonymous_11)
FN:380,(anonymous_12)
FN:382,(anonymous_13)
FN:395,(anonymous_14)
FN:399,(anonymous_15)
FN:410,(anonymous_16)
FNF:17
FNH:12
FNDA:8,(anonymous_0)
FNDA:2,(anonymous_1)
FNDA:2,(anonymous_2)
FNDA:2,(anonymous_3)
FNDA:2,(anonymous_4)
FNDA:8,(anonymous_5)
FNDA:2,(anonymous_6)
FNDA:2,(anonymous_7)
FNDA:3,(anonymous_8)
FNDA:2,(anonymous_9)
FNDA:2,(anonymous_10)
FNDA:2,(anonymous_11)
FNDA:0,(anonymous_12)
FNDA:0,(anonymous_13)
FNDA:0,(anonymous_14)
FNDA:0,(anonymous_15)
FNDA:0,(anonymous_16)
DA:10,1
DA:12,1
DA:21,1
DA:37,1
DA:56,1
DA:64,1
DA:65,8
DA:67,8
DA:68,8
DA:70,8
DA:72,1
DA:74,1
DA:76,1
DA:78,1
DA:80,1
DA:82,1
DA:87,2
DA:88,1
DA:89,1
DA:90,1
DA:92,1
DA:93,1
DA:99,1
DA:100,1
DA:109,1
DA:110,2
DA:111,2
DA:117,1
DA:124,1
DA:125,1
DA:134,1
DA:135,2
DA:136,2
DA:140,1
DA:146,1
DA:147,1
DA:156,1
DA:157,2
DA:158,2
DA:159,1
DA:160,1
DA:161,1
DA:164,1
DA:165,1
DA:174,1
DA:175,2
DA:176,2
DA:177,1
DA:182,1
DA:183,1
DA:192,1
DA:193,8
DA:195,8
DA:196,8
DA:198,8
DA:200,1
DA:202,1
DA:204,1
DA:206,1
DA:208,1
DA:210,1
DA:215,2
DA:220,2
DA:221,2
DA:222,2
DA:224,2
DA:225,1
DA:231,1
DA:232,1
DA:241,1
DA:242,2
DA:243,2
DA:244,2
DA:245,2
DA:246,2
DA:247,2
DA:248,1
DA:254,1
DA:255,1
DA:264,1
DA:265,2
DA:266,2
DA:267,1
DA:273,1
DA:274,1
DA:283,1
DA:284,3
DA:285,3
DA:286,3
DA:287,3
DA:293,2
DA:299,1
DA:300,1
DA:309,1
DA:310,2
DA:311,2
DA:312,2
DA:320,1
DA:322,1
DA:323,1
DA:332,1
DA:333,2
DA:334,2
DA:335,2
DA:343,1
DA:349,1
DA:350,1
DA:359,1
DA:360,2
DA:361,2
DA:362,1
DA:363,1
DA:370,1
DA:371,1
DA:380,1
DA:381,0
DA:382,0
DA:383,0
DA:384,0
DA:386,0
DA:390,0
DA:395,1
DA:396,0
DA:397,0
DA:398,0
DA:399,0
DA:400,0
DA:402,0
DA:411,0
DA:412,0
DA:417,0
DA:419,0
DA:424,0
LF:133
LH:116
BRDA:70,0,0,1
BRDA:70,0,1,1
BRDA:70,0,2,1
BRDA:70,0,3,1
BRDA:70,0,4,1
BRDA:70,0,5,1
BRDA:81,1,0,3
BRDA:81,1,1,3
BRDA:88,2,0,1
BRDA:88,2,1,0
BRDA:159,3,0,1
BRDA:159,3,1,0
BRDA:198,4,0,1
BRDA:198,4,1,1
BRDA:198,4,2,1
BRDA:198,4,3,1
BRDA:198,4,4,1
BRDA:198,4,5,1
BRDA:209,5,0,3
BRDA:209,5,1,3
BRDA:220,6,0,2
BRDA:220,6,1,0
BRDA:245,7,0,1
BRDA:245,7,1,1
BRDA:246,8,0,1
BRDA:246,8,1,1
BRDA:286,9,0,2
BRDA:286,9,1,1
BRDA:383,10,0,0
BRDA:383,10,1,0
BRDA:411,11,0,0
BRDA:411,11,1,0
BRF:32
BRH:25
end_of_record
TN:
SF:middlewares/authMiddleware.js
FN:5,(anonymous_0)
FN:19,(anonymous_1)
FNF:2
FNH:2
FNDA:2,(anonymous_0)
FNDA:3,(anonymous_1)
DA:5,1
DA:6,2
DA:7,2
DA:11,1
DA:12,1
DA:14,1
DA:19,1
DA:20,3
DA:21,3
DA:22,2
DA:23,1
DA:28,1
DA:31,1
DA:32,1
LF:14
LH:14
BRDA:22,0,0,1
BRDA:22,0,1,1
BRF:2
BRH:2
end_of_record
TN:
SF:models/categoryModel.js
FNF:0
FNH:0
DA:3,0
LF:1
LH:0
BRF:0
BRH:0
end_of_record
TN:
SF:models/orderModel.js
FNF:0
FNH:0
DA:3,1
LF:1
LH:1
BRF:0
BRH:0
end_of_record
TN:
SF:models/productModel.js
FNF:0
FNH:0
DA:3,0
LF:1
LH:0
BRF:0
BRH:0
end_of_record
TN:
SF:models/userModel.js
FNF:0
FNH:0
DA:3,2
LF:1
LH:1
BRF:0
BRH:0
end_of_record
TN:
SF:routes/authRoute.js
FN:32,(anonymous_0)
FN:36,(anonymous_1)
FNF:2
FNH:0
FNDA:0,(anonymous_0)
FNDA:0,(anonymous_1)
DA:16,0
DA:20,0
DA:23,0
DA:26,0
DA:29,0
DA:32,0
DA:33,0
DA:36,0
DA:37,0
DA:41,0
DA:44,0
DA:47,0
DA:50,0
DA:58,0
LF:14
LH:0
BRF:0
BRH:0
end_of_record
TN:
SF:routes/categoryRoutes.js
FNF:0
FNH:0
DA:11,0
DA:15,0
DA:23,0
DA:31,0
DA:34,0
DA:37,0
LF:6
LH:0
BRF:0
BRH:0
end_of_record
TN:
SF:routes/productRoutes.js
FNF:0
FNH:0
DA:21,0
DA:24,0
DA:32,0
DA:41,0
DA:44,0
DA:47,0
DA:50,0
DA:53,0
DA:56,0
DA:59,0
DA:62,0
DA:65,0
DA:68,0
DA:72,0
DA:75,0
LF:15
LH:0
BRF:0
BRH:0
end_of_record
